2020-07-01 11:24:27,799 - client_log - DEBUG - create socket...
2020-07-01 11:24:27,799 - client_log - DEBUG - {'action': 'authenticate', 'time': '2020-07-01T11:24:27.799294', 'user': {'account_name': 'User', 'password': 'Password'}}
2020-07-01 11:24:27,799 - client_log - DEBUG - send message...
2020-07-01 11:24:27,799 - client_log - DEBUG - {'response': 200, 'alert': 'Необязательное сообщение/уведомление'}
2020-07-01 11:24:27,800 - client_log - DEBUG - client close...
2020-07-01 11:30:04,047 - client_log - DEBUG - create socket...
2020-07-01 11:30:04,047 - client_log - INFO - {'action': 'authenticate', 'time': '2020-07-01T11:30:04.047273', 'user': {'account_name': 'User', 'password': 'Password'}}
2020-07-01 11:30:04,047 - client_log - DEBUG - send message...
2020-07-01 11:30:04,048 - client_log - INFO - {'response': 200, 'alert': 'Необязательное сообщение/уведомление'}
2020-07-01 11:30:04,048 - client_log - INFO - client close...
2020-07-01 11:32:49,904 - client_log - DEBUG - create socket...
2020-07-01 11:32:49,905 - client_log - INFO - {'action': 'authenticate', 'time': '2020-07-01T11:32:49.904279', 'user': {'account_name': 'User', 'password': 'Password'}}
2020-07-01 11:32:49,905 - client_log - DEBUG - send message...
2020-07-01 11:32:49,905 - client_log - INFO - {'response': 200, 'alert': 'Необязательное сообщение/уведомление'}
2020-07-01 11:32:49,905 - client_log - INFO - client close...
2020-07-01 11:36:32,006 - DEBUG - client_log - create socket...
2020-07-01 11:36:32,007 - INFO - client_log - {'action': 'authenticate', 'time': '2020-07-01T11:36:32.007787', 'user': {'account_name': 'User', 'password': 'Password'}}
2020-07-01 11:36:32,007 - DEBUG - client_log - send message...
2020-07-01 11:36:32,007 - INFO - client_log - {'response': 200, 'alert': 'Необязательное сообщение/уведомление'}
2020-07-01 11:36:32,007 - INFO - client_log - client close...
2020-07-01 11:38:11,148 - DEBUG - client_log - create socket...
2020-07-01 11:38:11,148 - INFO - client_log - {'action': 'authenticate', 'time': '2020-07-01T11:38:11.148714', 'user': {'account_name': 'User', 'password': 'Password'}}
2020-07-01 11:38:11,148 - DEBUG - client_log - send message...
2020-07-01 11:38:11,148 - INFO - client_log - {'response': 200, 'alert': 'Необязательное сообщение/уведомление'}
2020-07-01 11:38:11,148 - INFO - client_log - client close...
